[2016-03-11 15:44:46 +0000] [18502] [INFO] Starting gunicorn 19.4.5
[2016-03-11 15:44:46 +0000] [18502] [INFO] Listening at: http://0.0.0.0:8000 (18502)
[2016-03-11 15:44:46 +0000] [18502] [INFO] Using worker: sync
[2016-03-11 15:44:46 +0000] [18507] [INFO] Booting worker with pid: 18507
[2016-03-11 15:45:23 +0000] [18502] [INFO] Handling signal: int
[2016-03-11 11:45:23 +0000] [18507] [INFO] Worker exiting (pid: 18507)
[2016-03-11 15:45:23 +0000] [18502] [INFO] Shutting down: Master
[2016-03-11 15:47:55 +0000] [21013] [INFO] Starting gunicorn 19.4.5
[2016-03-11 15:47:55 +0000] [21013] [INFO] Listening at: http://0.0.0.0:8000 (21013)
[2016-03-11 15:47:55 +0000] [21013] [INFO] Using worker: sync
[2016-03-11 15:47:55 +0000] [21018] [INFO] Booting worker with pid: 21018
[2016-03-11 15:48:00 +0000] [21013] [INFO] Handling signal: int
[2016-03-11 11:48:00 +0000] [21018] [INFO] Worker exiting (pid: 21018)
[2016-03-11 15:48:00 +0000] [21013] [INFO] Shutting down: Master
[2016-03-11 15:48:46 +0000] [21584] [INFO] Starting gunicorn 19.4.5
[2016-03-11 15:48:46 +0000] [21584] [INFO] Listening at: http://0.0.0.0:8000 (21584)
[2016-03-11 15:48:46 +0000] [21584] [INFO] Using worker: sync
[2016-03-11 15:48:46 +0000] [21589] [INFO] Booting worker with pid: 21589
[2016-03-11 15:49:27 +0000] [21584] [INFO] Handling signal: int
[2016-03-11 11:49:27 +0000] [21589] [INFO] Worker exiting (pid: 21589)
[2016-03-11 15:49:27 +0000] [21584] [INFO] Shutting down: Master
[2016-03-11 15:51:00 +0000] [23298] [INFO] Starting gunicorn 19.4.5
[2016-03-11 15:51:00 +0000] [23298] [INFO] Listening at: http://0.0.0.0:8000 (23298)
[2016-03-11 15:51:00 +0000] [23298] [INFO] Using worker: sync
[2016-03-11 15:51:00 +0000] [23303] [INFO] Booting worker with pid: 23303
[2016-03-11 16:06:18 +0000] [23298] [INFO] Handling signal: int
[2016-03-11 12:06:18 +0000] [23303] [INFO] Worker exiting (pid: 23303)
[2016-03-11 16:06:18 +0000] [23298] [INFO] Shutting down: Master
2016-03-11 12:45:43 [69] [INFO] Starting gunicorn 17.5
2016-03-11 12:45:43 [69] [INFO] Listening at: http://0.0.0.0:8000 (69)
2016-03-11 12:45:43 [69] [INFO] Using worker: sync
2016-03-11 12:45:43 [74] [INFO] Booting worker with pid: 74
2016-03-11 12:47:04 [74] [INFO] Worker exiting (pid: 74)
2016-03-11 12:47:04 [69] [INFO] Handling signal: int
2016-03-11 12:47:04 [69] [INFO] Shutting down: Master
2016-03-11 12:48:38 [117] [INFO] Starting gunicorn 17.5
2016-03-11 12:48:38 [117] [INFO] Listening at: http://0.0.0.0:8000 (117)
2016-03-11 12:48:38 [117] [INFO] Using worker: sync
2016-03-11 12:48:38 [122] [INFO] Booting worker with pid: 122
2016-03-11 12:49:59 [122] [INFO] Worker exiting (pid: 122)
2016-03-11 12:49:59 [117] [INFO] Handling signal: int
Exception SystemExit: 0 in <module 'threading' from '/usr/lib/python2.7/threading.pyc'> ignored
2016-03-11 12:49:59 [117] [INFO] Shutting down: Master
2016-03-11 12:51:30 [163] [INFO] Starting gunicorn 17.5
2016-03-11 12:51:30 [163] [INFO] Listening at: http://0.0.0.0:8000 (163)
2016-03-11 12:51:30 [163] [INFO] Using worker: sync
2016-03-11 12:51:30 [168] [INFO] Booting worker with pid: 168
2016-03-11 12:51:42 [168] [INFO] Worker exiting (pid: 168)
2016-03-11 12:51:42 [163] [INFO] Handling signal: int
2016-03-11 12:51:42 [163] [INFO] Shutting down: Master
2016-03-11 12:52:01 [212] [INFO] Starting gunicorn 17.5
2016-03-11 12:52:01 [212] [INFO] Listening at: http://0.0.0.0:8000 (212)
2016-03-11 12:52:01 [212] [INFO] Using worker: sync
2016-03-11 12:52:01 [217] [INFO] Booting worker with pid: 217
2016-03-11 12:52:19 [212] [INFO] Handling signal: int
2016-03-11 12:52:19 [217] [INFO] Worker exiting (pid: 217)
2016-03-11 12:52:19 [212] [INFO] Shutting down: Master
2016-03-11 12:54:24 [257] [INFO] Starting gunicorn 17.5
2016-03-11 12:54:24 [257] [INFO] Listening at: http://0.0.0.0:8000 (257)
2016-03-11 12:54:24 [257] [INFO] Using worker: sync
2016-03-11 12:54:24 [262] [INFO] Booting worker with pid: 262
2016-03-11 12:54:40 [257] [INFO] Handling signal: int
2016-03-11 12:54:40 [262] [INFO] Worker exiting (pid: 262)
2016-03-11 12:54:40 [257] [INFO] Shutting down: Master
2016-03-11 12:56:08 [303] [INFO] Starting gunicorn 17.5
2016-03-11 12:56:08 [303] [INFO] Listening at: http://0.0.0.0:8000 (303)
2016-03-11 12:56:08 [303] [INFO] Using worker: sync
2016-03-11 12:56:08 [308] [INFO] Booting worker with pid: 308
2016-03-11 12:56:18 [308] [INFO] Worker exiting (pid: 308)
2016-03-11 12:56:18 [303] [INFO] Handling signal: int
2016-03-11 12:56:18 [303] [INFO] Shutting down: Master
2016-03-11 12:56:41 [351] [INFO] Starting gunicorn 17.5
2016-03-11 12:56:41 [351] [INFO] Listening at: http://0.0.0.0:8000 (351)
2016-03-11 12:56:41 [351] [INFO] Using worker: sync
2016-03-11 12:56:41 [356] [INFO] Booting worker with pid: 356
2016-03-11 12:56:56 [351] [INFO] Handling signal: int
2016-03-11 12:56:56 [356] [INFO] Worker exiting (pid: 356)
2016-03-11 12:56:56 [351] [INFO] Shutting down: Master
2016-03-11 12:57:07 [398] [INFO] Starting gunicorn 17.5
2016-03-11 12:57:07 [398] [INFO] Listening at: http://0.0.0.0:8000 (398)
2016-03-11 12:57:07 [398] [INFO] Using worker: sync
2016-03-11 12:57:07 [403] [INFO] Booting worker with pid: 403
2016-03-11 12:57:23 [398] [INFO] Handling signal: int
2016-03-11 12:57:23 [403] [INFO] Worker exiting (pid: 403)
2016-03-11 12:57:23 [398] [INFO] Shutting down: Master
